<?xml version="1.0" encoding="UTF-8"?>
<testng-results skipped="0" failed="0" ignored="0" total="2" passed="2">
  <reporter-output>
  </reporter-output>
  <suite name="Default suite" duration-ms="2941" started-at="2017-11-23T13:50:37Z" finished-at="2017-11-23T13:50:40Z">
    <groups>
    </groups>
    <test name="Default test" duration-ms="2941" started-at="2017-11-23T13:50:37Z" finished-at="2017-11-23T13:50:40Z">
      <class name="com.fengdai.qa.testcase.TestDw">
        <test-method status="PASS" signature="befortest()[pri:0, instance:com.fengdai.qa.testcase.TestDw@59ec2012]" name="befortest" is-config="true" duration-ms="307" started-at="2017-11-23T21:50:37Z" finished-at="2017-11-23T21:50:37Z">
          <reporter-output>
          </reporter-output>
        </test-method> <!-- befortest -->
        <test-method status="PASS" signature="test(com.fengdai.qa.meta.StepMeta)[pri:0, instance:com.fengdai.qa.testcase.TestDw@59ec2012]" name="test" duration-ms="1944" started-at="2017-11-23T21:50:37Z" data-provider="data" finished-at="2017-11-23T21:50:39Z">
          <params>
            <param index="0">
              <value>
                <![CDATA[com.fengdai.qa.meta.StepMeta@3d5c822d]]>
              </value>
            </param>
          </params>
          <reporter-output>
          </reporter-output>
        </test-method> <!-- test -->
        <test-method status="PASS" signature="test(com.fengdai.qa.meta.StepMeta)[pri:0, instance:com.fengdai.qa.testcase.TestDw@59ec2012]" name="test" duration-ms="603" started-at="2017-11-23T21:50:39Z" data-provider="data" finished-at="2017-11-23T21:50:40Z">
          <params>
            <param index="0">
              <value>
                <![CDATA[com.fengdai.qa.meta.StepMeta@64d43929]]>
              </value>
            </param>
          </params>
          <reporter-output>
          </reporter-output>
        </test-method> <!-- test -->
        <test-method status="PASS" signature="aftertest()[pri:0, instance:com.fengdai.qa.testcase.TestDw@59ec2012]" name="aftertest" is-config="true" duration-ms="0" started-at="2017-11-23T21:50:40Z" finished-at="2017-11-23T21:50:40Z">
          <reporter-output>
          </reporter-output>
        </test-method> <!-- aftertest -->
      </class> <!-- com.fengdai.qa.testcase.TestDw -->
    </test> <!-- Default test -->
  </suite> <!-- Default suite -->
</testng-results>
